Log file open, 10/03/22 19:50:55
LogWindows: Failed to load 'aqProf.dll' (GetLastError=126)
LogWindows: File 'aqProf.dll' does not exist
LogWindows: Failed to load 'VtuneApi.dll' (GetLastError=126)
LogWindows: File 'VtuneApi.dll' does not exist
LogWindows: Failed to load 'VtuneApi32e.dll' (GetLastError=126)
LogWindows: File 'VtuneApi32e.dll' does not exist
LogConsoleResponse: Display: Failed to find resolution value strings in scalability ini. Falling back to default.
LogInit: Display: Running engine for game: Chess
LogPlatformFile: Not using cached read wrapper
LogTaskGraph: Started task graph with 5 named threads and 23 total threads with 3 sets of task threads.
LogStats: Stats thread started at 0.121109
LogD3D11RHI: Loaded GFSDK_Aftermath_Lib.x64.dll
LogICUInternationalization: ICU TimeZone Detection - Raw Offset: +2:00, Platform Override: ''
LogPluginManager: Mounting plugin Paper2D
LogPluginManager: Mounting plugin AISupport
LogPluginManager: Mounting plugin LightPropagationVolume
LogPluginManager: Mounting plugin ActorLayerUtilities
LogPluginManager: Mounting plugin AnimationSharing
LogPluginManager: Mounting plugin CLionSourceCodeAccess
LogPluginManager: Mounting plugin CodeLiteSourceCodeAccess
LogPluginManager: Mounting plugin GitSourceControl
LogPluginManager: Mounting plugin KDevelopSourceCodeAccess
LogPluginManager: Mounting plugin NullSourceCodeAccess
LogPluginManager: Mounting plugin PerforceSourceControl
LogPluginManager: Mounting plugin PlasticSourceControl
LogPluginManager: Mounting plugin SubversionSourceControl
LogPluginManager: Mounting plugin UObjectPlugin
LogPluginManager: Mounting plugin VisualStudioCodeSourceCodeAccess
LogPluginManager: Mounting plugin VisualStudioSourceCodeAccess
LogPluginManager: Mounting plugin XCodeSourceCodeAccess
LogPluginManager: Mounting plugin AssetManagerEditor
LogPluginManager: Mounting plugin CryptoKeys
LogPluginManager: Mounting plugin CurveEditorTools
LogPluginManager: Mounting plugin DataValidation
LogPluginManager: Mounting plugin FacialAnimation
LogPluginManager: Mounting plugin GameplayTagsEditor
LogPluginManager: Mounting plugin MacGraphicsSwitching
LogPluginManager: Mounting plugin MaterialAnalyzer
LogPluginManager: Mounting plugin MobileLauncherProfileWizard
LogPluginManager: Mounting plugin PluginBrowser
LogPluginManager: Mounting plugin SpeedTreeImporter
LogPluginManager: Mounting plugin DatasmithContent
LogPluginManager: Mounting plugin VariantManagerContent
LogPluginManager: Mounting plugin AlembicImporter
LogPluginManager: Mounting plugin AutomationUtils
LogPluginManager: Mounting plugin BackChannel
LogPluginManager: Mounting plugin CharacterAI
LogPluginManager: Mounting plugin GeometryCache
LogPluginManager: Mounting plugin PlatformCrypto
LogPluginManager: Mounting plugin ProxyLODPlugin
LogPluginManager: Mounting plugin SkeletalReduction
LogPluginManager: Mounting plugin MagicLeap
LogPluginManager: Mounting plugin MagicLeapMedia
LogPluginManager: Mounting plugin MLSDK
LogPluginManager: Mounting plugin AndroidMedia
LogPluginManager: Mounting plugin AvfMedia
LogPluginManager: Mounting plugin ImgMedia
LogPluginManager: Mounting plugin MediaCompositing
LogPluginManager: Mounting plugin MediaPlayerEditor
LogPluginManager: Mounting plugin WebMMedia
LogPluginManager: Mounting plugin WmfMedia
LogPluginManager: Mounting plugin TcpMessaging
LogPluginManager: Mounting plugin UdpMessaging
LogPluginManager: Mounting plugin ActorSequence
LogPluginManager: Mounting plugin LevelSequenceEditor
LogPluginManager: Mounting plugin MatineeToLevelSequence
LogPluginManager: Mounting plugin NetcodeUnitTest
LogPluginManager: Mounting plugin NUTUnrealEngine4
LogPluginManager: Mounting plugin OnlineSubsystemGooglePlay
LogPluginManager: Mounting plugin OnlineSubsystemIOS
LogPluginManager: Mounting plugin OnlineSubsystem
LogPluginManager: Mounting plugin OnlineSubsystemNull
LogPluginManager: Mounting plugin OnlineSubsystemUtils
LogPluginManager: Mounting plugin LauncherChunkInstaller
LogPluginManager: Mounting plugin AndroidDeviceProfileSelector
LogPluginManager: Mounting plugin AndroidMoviePlayer
LogPluginManager: Mounting plugin AndroidPermission
LogPluginManager: Mounting plugin AppleImageUtils
LogPluginManager: Mounting plugin AppleMoviePlayer
LogPluginManager: Mounting plugin ArchVisCharacter
LogPluginManager: Mounting plugin AssetTags
LogPluginManager: Mounting plugin AudioCapture
LogPluginManager: Mounting plugin CableComponent
LogPluginManager: Mounting plugin CustomMeshComponent
LogPluginManager: Mounting plugin EditableMesh
LogPluginManager: Mounting plugin ExampleDeviceProfileSelector
LogPluginManager: Mounting plugin GoogleCloudMessaging
LogPluginManager: Mounting plugin IOSDeviceProfileSelector
LogPluginManager: Mounting plugin LinuxDeviceProfileSelector
LogPluginManager: Mounting plugin LocationServicesBPLibrary
LogPluginManager: Mounting plugin MobilePatchingUtils
LogPluginManager: Mounting plugin OculusVR
LogPluginManager: Mounting plugin PhysXVehicles
LogPluginManager: Mounting plugin PostSplashScreen
LogPluginManager: Mounting plugin ProceduralMeshComponent
LogPluginManager: Mounting plugin RuntimePhysXCooking
LogPluginManager: Mounting plugin SignificanceManager
LogPluginManager: Mounting plugin SteamVR
LogPluginManager: Mounting plugin WebMMoviePlayer
LogPluginManager: Mounting plugin WindowsMoviePlayer
LogPluginManager: Mounting plugin ScreenshotTools
LogInit: Using libcurl 7.55.1-DEV
LogInit:  - built for x86_64-pc-win32
LogInit:  - supports SSL with OpenSSL/1.1.1
LogInit:  - supports HTTP deflate (compression) using libz 1.2.8
LogInit:  - other features:
LogInit:      CURL_VERSION_SSL
LogInit:      CURL_VERSION_LIBZ
LogInit:      CURL_VERSION_IPV6
LogInit:      CURL_VERSION_ASYNCHDNS
LogInit:      CURL_VERSION_LARGEFILE
LogInit:      CURL_VERSION_IDN
LogInit:  CurlRequestOptions (configurable via config and command line):
LogInit:  - bVerifyPeer = true  - Libcurl will verify peer certificate
LogInit:  - bUseHttpProxy = false  - Libcurl will NOT use HTTP proxy
LogInit:  - bDontReuseConnections = false  - Libcurl will reuse connections
LogInit:  - MaxHostConnections = 16  - Libcurl will limit the number of connections to a host
LogInit:  - LocalHostAddr = Default
LogInit:  - BufferSize = 65536
LogOnline: OSS: Creating online subsystem instance for: NULL
LogInit: WinSock: version 1.1 (2.2), MaxSocks=32767, MaxUdp=65467
LogOnline: OSS: TryLoadSubsystemAndSetDefault: Loaded subsystem for module [NULL]
LogInit: Build: ++UE4+Release-4.24-CL-11590370
LogInit: Engine Version: 4.24.3-11590370+++UE4+Release-4.24
LogInit: Compatible Engine Version: 4.24.0-10570792+++UE4+Release-4.24
LogInit: Net CL: 10570792
LogInit: OS: Windows 10 (Release 2009) (), CPU: Intel(R) Core(TM) i5-9300H CPU @ 2.40GHz, GPU: Intel(R) UHD Graphics 630
LogInit: Compiled (64-bit): Feb 24 2020 15:39:18
LogInit: Compiled with Visual C++: 19.16.27032.01
LogInit: Build Configuration: Development
LogInit: Branch Name: ++UE4+Release-4.24
LogInit: Command Line: 
LogInit: Base Directory: E:/UE_4.24/Engine/Binaries/Win64/
LogInit: Installed Engine Build: 1
LogDevObjectVersion: Number of dev versions registered: 25
LogDevObjectVersion:   Dev-Blueprints (B0D832E4-1F89-4F0D-ACCF-7EB736FD4AA2): 10
LogDevObjectVersion:   Dev-Build (E1C64328-A22C-4D53-A36C-8E866417BD8C): 0
LogDevObjectVersion:   Dev-Core (375EC13C-06E4-48FB-B500-84F0262A717E): 3
LogDevObjectVersion:   Dev-Editor (E4B068ED-F494-42E9-A231-DA0B2E46BB41): 37
LogDevObjectVersion:   Dev-Framework (CFFC743F-43B0-4480-9391-14DF171D2073): 36
LogDevObjectVersion:   Dev-Mobile (B02B49B5-BB20-44E9-A304-32B752E40360): 2
LogDevObjectVersion:   Dev-Networking (A4E4105C-59A1-49B5-A7C5-40C4547EDFEE): 0
LogDevObjectVersion:   Dev-Online (39C831C9-5AE6-47DC-9A44-9C173E1C8E7C): 0
LogDevObjectVersion:   Dev-Physics (78F01B33-EBEA-4F98-B9B4-84EACCB95AA2): 2
LogDevObjectVersion:   Dev-Platform (6631380F-2D4D-43E0-8009-CF276956A95A): 0
LogDevObjectVersion:   Dev-Rendering (12F88B9F-8875-4AFC-A67C-D90C383ABD29): 36
LogDevObjectVersion:   Dev-Sequencer (7B5AE74C-D270-4C10-A958-57980B212A5A): 11
LogDevObjectVersion:   Dev-VR (D7296918-1DD6-4BDD-9DE2-64A83CC13884): 2
LogDevObjectVersion:   Dev-LoadTimes (C2A15278-BFE7-4AFE-6C17-90FF531DF755): 1
LogDevObjectVersion:   Private-Geometry (6EACA3D4-40EC-4CC1-B786-8BED09428FC5): 3
LogDevObjectVersion:   Dev-AnimPhys (29E575DD-E0A3-4627-9D10-D276232CDCEA): 17
LogDevObjectVersion:   Dev-Anim (AF43A65D-7FD3-4947-9873-3E8ED9C1BB05): 2
LogDevObjectVersion:   Dev-ReflectionCapture (6B266CEC-1EC7-4B8F-A30B-E4D90942FC07): 1
LogDevObjectVersion:   Dev-Automation (0DF73D61-A23F-47EA-B727-89E90C41499A): 1
LogDevObjectVersion:   FortniteMain (601D1886-AC64-4F84-AA16-D3DE0DEAC7D6): 31
LogDevObjectVersion:   Dev-Enterprise (9DFFBCD6-494F-0158-E221-12823C92A888): 8
LogDevObjectVersion:   Dev-Niagara (F2AED0AC-9AFE-416F-8664-AA7FFA26D6FC): 1
LogDevObjectVersion:   Dev-Destruction (174F1F0B-B4C6-45A5-B13F-2EE8D0FB917D): 9
LogDevObjectVersion:   Dev-Physics-Ext (35F94A83-E258-406C-A318-09F59610247C): 8
LogDevObjectVersion:   Dev-CineCamera (B2E18506-4273-CFC2-A54E-F4BB758BBA07): 1
LogInit: Presizing for max 25165824 objects, including 0 objects not considered by GC, pre-allocating 0 bytes for permanent pool.
LogInit: Object subsystem initialized
LogConfig: Setting CVar [[con.DebugEarlyDefault:1]]
LogConfig: Setting CVar [[r.setres:1280x720]]
[2022.10.03-16.50.55:550][  0]LogConfig: Setting CVar [[r.VSync:0]]
[2022.10.03-16.50.55:550][  0]LogConfig: Setting CVar [[r.RHICmdBypass:0]]
[2022.10.03-16.50.55:550][  0]LogConfig: Applying CVar settings from Section [/Script/Engine.RendererSettings] File [../../../Projects/Chess/Saved/Config/Windows/Engine.ini]
[2022.10.03-16.50.55:550][  0]LogConfig: Setting CVar [[r.GPUCrashDebugging:0]]
[2022.10.03-16.50.55:550][  0]LogConfig: Applying CVar settings from Section [/Script/Engine.RendererOverrideSettings] File [../../../Projects/Chess/Saved/Config/Windows/Engine.ini]
[2022.10.03-16.50.55:550][  0]LogConfig: Applying CVar settings from Section [/Script/Engine.StreamingSettings] File [../../../Projects/Chess/Saved/Config/Windows/Engine.ini]
[2022.10.03-16.50.55:550][  0]LogConfig: Setting CVar [[s.MinBulkDataSizeForAsyncLoading:131072]]
[2022.10.03-16.50.55:550][  0]LogConfig: Setting CVar [[s.AsyncLoadingThreadEnabled:0]]
[2022.10.03-16.50.55:550][  0]LogConfig: Setting CVar [[s.EventDrivenLoaderEnabled:1]]
[2022.10.03-16.50.55:550][  0]LogConfig: Setting CVar [[s.WarnIfTimeLimitExceeded:0]]
[2022.10.03-16.50.55:550][  0]LogConfig: Setting CVar [[s.TimeLimitExceededMultiplier:1.5]]
[2022.10.03-16.50.55:550][  0]LogConfig: Setting CVar [[s.TimeLimitExceededMinTime:0.005]]
[2022.10.03-16.50.55:551][  0]LogConfig: Setting CVar [[s.UseBackgroundLevelStreaming:1]]
[2022.10.03-16.50.55:551][  0]LogConfig: Setting CVar [[s.PriorityAsyncLoadingExtraTime:15.0]]
[2022.10.03-16.50.55:551][  0]LogConfig: Setting CVar [[s.LevelStreamingActorsUpdateTimeLimit:5.0]]
[2022.10.03-16.50.55:551][  0]LogConfig: Setting CVar [[s.PriorityLevelStreamingActorsUpdateExtraTime:5.0]]
[2022.10.03-16.50.55:551][  0]LogConfig: Setting CVar [[s.LevelStreamingComponentsRegistrationGranularity:10]]
[2022.10.03-16.50.55:551][  0]LogConfig: Setting CVar [[s.UnregisterComponentsTimeLimit:1.0]]
[2022.10.03-16.50.55:551][  0]LogConfig: Setting CVar [[s.LevelStreamingComponentsUnregistrationGranularity:5]]
[2022.10.03-16.50.55:551][  0]LogConfig: Setting CVar [[s.FlushStreamingOnExit:1]]
[2022.10.03-16.50.55:551][  0]LogConfig: Applying CVar settings from Section [/Script/Engine.GarbageCollectionSettings] File [../../../Projects/Chess/Saved/Config/Windows/Engine.ini]
[2022.10.03-16.50.55:551][  0]LogConfig: Setting CVar [[gc.MaxObjectsNotConsideredByGC:1]]
[2022.10.03-16.50.55:551][  0]LogConfig: Setting CVar [[gc.SizeOfPermanentObjectPool:0]]
[2022.10.03-16.50.55:551][  0]LogConfig: Setting CVar [[gc.FlushStreamingOnGC:0]]
[2022.10.03-16.50.55:551][  0]LogConfig: Setting CVar [[gc.NumRetriesBeforeForcingGC:10]]
[2022.10.03-16.50.55:551][  0]LogConfig: Setting CVar [[gc.AllowParallelGC:1]]
[2022.10.03-16.50.55:551][  0]LogConfig: Setting CVar [[gc.TimeBetweenPurgingPendingKillObjects:61.1]]
[2022.10.03-16.50.55:551][  0]LogConfig: Setting CVar [[gc.MaxObjectsInEditor:25165824]]
[2022.10.03-16.50.55:551][  0]LogConfig: Setting CVar [[gc.IncrementalBeginDestroyEnabled:1]]
[2022.10.03-16.50.55:551][  0]LogConfig: Setting CVar [[gc.CreateGCClusters:1]]
[2022.10.03-16.50.55:551][  0]LogConfig: Setting CVar [[gc.MinGCClusterSize:5]]
[2022.10.03-16.50.55:551][  0]LogConfig: Setting CVar [[gc.ActorClusteringEnabled:0]]
[2022.10.03-16.50.55:551][  0]LogConfig: Setting CVar [[gc.BlueprintClusteringEnabled:0]]
[2022.10.03-16.50.55:551][  0]LogConfig: Setting CVar [[gc.UseDisregardForGCOnDedicatedServers:0]]
[2022.10.03-16.50.55:551][  0]LogConfig: Applying CVar settings from Section [/Script/Engine.NetworkSettings] File [../../../Projects/Chess/Saved/Config/Windows/Engine.ini]
[2022.10.03-16.50.55:551][  0]LogConfig: Applying CVar settings from Section [/Script/UnrealEd.CookerSettings] File [../../../Projects/Chess/Saved/Config/Windows/Engine.ini]
[2022.10.03-16.50.55:554][  0]LogConfig: Applying CVar settings from Section [ViewDistanceQuality@3] File [../../../Projects/Chess/Saved/Config/Windows/Scalability.ini]
[2022.10.03-16.50.55:554][  0]LogConfig: Setting CVar [[r.SkeletalMeshLODBias:0]]
[2022.10.03-16.50.55:554][  0]LogConfig: Setting CVar [[r.ViewDistanceScale:1.0]]
[2022.10.03-16.50.55:554][  0]LogConfig: Applying CVar settings from Section [AntiAliasingQuality@3] File [../../../Projects/Chess/Saved/Config/Windows/Scalability.ini]
[2022.10.03-16.50.55:554][  0]LogConfig: Setting CVar [[r.PostProcessAAQuality:4]]
[2022.10.03-16.50.55:554][  0]LogConfig: Applying CVar settings from Section [ShadowQuality@3] File [../../../Projects/Chess/Saved/Config/Windows/Scalability.ini]
[2022.10.03-16.50.55:554][  0]LogConfig: Setting CVar [[r.LightFunctionQuality:1]]
[2022.10.03-16.50.55:554][  0]LogConfig: Setting CVar [[r.ShadowQuality:5]]
[2022.10.03-16.50.55:554][  0]LogConfig: Setting CVar [[r.Shadow.CSM.MaxCascades:10]]
[2022.10.03-16.50.55:554][  0]LogConfig: Setting CVar [[r.Shadow.MaxResolution:2048]]
[2022.10.03-16.50.55:554][  0]LogConfig: Setting CVar [[r.Shadow.MaxCSMResolution:2048]]
[2022.10.03-16.50.55:554][  0]LogConfig: Setting CVar [[r.Shadow.RadiusThreshold:0.01]]
[2022.10.03-16.50.55:554][  0]LogConfig: Setting CVar [[r.Shadow.DistanceScale:1.0]]
[2022.10.03-16.50.55:554][  0]LogConfig: Setting CVar [[r.Shadow.CSM.TransitionScale:1.0]]
[2022.10.03-16.50.55:554][  0]LogConfig: Setting CVar [[r.Shadow.PreShadowResolutionFactor:1.0]]
[2022.10.03-16.50.55:554][  0]LogConfig: Setting CVar [[r.DistanceFieldShadowing:1]]
[2022.10.03-16.50.55:554][  0]LogConfig: Setting CVar [[r.DistanceFieldAO:1]]
[2022.10.03-16.50.55:554][  0]LogConfig: Setting CVar [[r.AOQuality:2]]
[2022.10.03-16.50.55:554][  0]LogConfig: Setting CVar [[r.VolumetricFog:1]]
[2022.10.03-16.50.55:554][  0]LogConfig: Setting CVar [[r.VolumetricFog.GridPixelSize:8]]
[2022.10.03-16.50.55:554][  0]LogConfig: Setting CVar [[r.VolumetricFog.GridSizeZ:128]]
[2022.10.03-16.50.55:554][  0]LogConfig: Setting CVar [[r.VolumetricFog.HistoryMissSupersampleCount:4]]
[2022.10.03-16.50.55:554][  0]LogConfig: Setting CVar [[r.LightMaxDrawDistanceScale:1]]
[2022.10.03-16.50.55:554][  0]LogConfig: Setting CVar [[r.CapsuleShadows:1]]
[2022.10.03-16.50.55:554][  0]LogConfig: Applying CVar settings from Section [PostProcessQuality@3] File [../../../Projects/Chess/Saved/Config/Windows/Scalability.ini]
[2022.10.03-16.50.55:554][  0]LogConfig: Setting CVar [[r.MotionBlurQuality:4]]
[2022.10.03-16.50.55:554][  0]LogConfig: Setting CVar [[r.AmbientOcclusionMipLevelFactor:0.4]]
[2022.10.03-16.50.55:554][  0]LogConfig: Setting CVar [[r.AmbientOcclusionMaxQuality:100]]
[2022.10.03-16.50.55:554][  0]LogConfig: Setting CVar [[r.AmbientOcclusionLevels:-1]]
[2022.10.03-16.50.55:554][  0]LogConfig: Setting CVar [[r.AmbientOcclusionRadiusScale:1.0]]
[2022.10.03-16.50.55:554][  0]LogConfig: Setting CVar [[r.DepthOfFieldQuality:2]]
[2022.10.03-16.50.55:554][  0]LogConfig: Setting CVar [[r.RenderTargetPoolMin:400]]
[2022.10.03-16.50.55:554][  0]LogConfig: Setting CVar [[r.LensFlareQuality:2]]
[2022.10.03-16.50.55:554][  0]LogConfig: Setting CVar [[r.SceneColorFringeQuality:1]]
[2022.10.03-16.50.55:554][  0]LogConfig: Setting CVar [[r.EyeAdaptationQuality:2]]
[2022.10.03-16.50.55:554][  0]LogConfig: Setting CVar [[r.BloomQuality:5]]
[2022.10.03-16.50.55:554][  0]LogConfig: Setting CVar [[r.FastBlurThreshold:100]]
[2022.10.03-16.50.55:554][  0]LogConfig: Setting CVar [[r.Upscale.Quality:3]]
[2022.10.03-16.50.55:554][  0]LogConfig: Setting CVar [[r.Tonemapper.GrainQuantization:1]]
[2022.10.03-16.50.55:554][  0]LogConfig: Setting CVar [[r.LightShaftQuality:1]]
[2022.10.03-16.50.55:554][  0]LogConfig: Setting CVar [[r.Filter.SizeScale:1]]
[2022.10.03-16.50.55:554][  0]LogConfig: Setting CVar [[r.Tonemapper.Quality:5]]
[2022.10.03-16.50.55:554][  0]LogConfig: Setting CVar [[r.DOF.Gather.AccumulatorQuality:1        ; higher gathering accumulator quality]]
[2022.10.03-16.50.55:554][  0]LogConfig: Setting CVar [[r.DOF.Gather.PostfilterMethod:1          ; Median3x3 postfilering method]]
[2022.10.03-16.50.55:554][  0]LogConfig: Setting CVar [[r.DOF.Gather.EnableBokehSettings:0       ; no bokeh simulation when gathering]]
[2022.10.03-16.50.55:554][  0]LogConfig: Setting CVar [[r.DOF.Gather.RingCount:4                 ; medium number of samples when gathering]]
[2022.10.03-16.50.55:554][  0]LogConfig: Setting CVar [[r.DOF.Scatter.ForegroundCompositing:1    ; additive foreground scattering]]
[2022.10.03-16.50.55:554][  0]LogConfig: Setting CVar [[r.DOF.Scatter.BackgroundCompositing:2    ; additive background scattering]]
[2022.10.03-16.50.55:554][  0]LogConfig: Setting CVar [[r.DOF.Scatter.EnableBokehSettings:1      ; bokeh simulation when scattering]]
[2022.10.03-16.50.55:554][  0]LogConfig: Setting CVar [[r.DOF.Scatter.MaxSpriteRatio:0.1         ; only a maximum of 10% of scattered bokeh]]
[2022.10.03-16.50.55:554][  0]LogConfig: Setting CVar [[r.DOF.Recombine.Quality:1                ; cheap slight out of focus]]
[2022.10.03-16.50.55:554][  0]LogConfig: Setting CVar [[r.DOF.Recombine.EnableBokehSettings:0    ; no bokeh simulation on slight out of focus]]
[2022.10.03-16.50.55:554][  0]LogConfig: Setting CVar [[r.DOF.TemporalAAQuality:1                ; more stable temporal accumulation]]
[2022.10.03-16.50.55:554][  0]LogConfig: Setting CVar [[r.DOF.Kernel.MaxForegroundRadius:0.025]]
[2022.10.03-16.50.55:554][  0]LogConfig: Setting CVar [[r.DOF.Kernel.MaxBackgroundRadius:0.025]]
[2022.10.03-16.50.55:554][  0]LogConfig: Applying CVar settings from Section [TextureQuality@3] File [../../../Projects/Chess/Saved/Config/Windows/Scalability.ini]
[2022.10.03-16.50.55:554][  0]LogConfig: Setting CVar [[r.Streaming.MipBias:0]]
[2022.10.03-16.50.55:554][  0]LogConfig: Setting CVar [[r.Streaming.AmortizeCPUToGPUCopy:0]]
[2022.10.03-16.50.55:554][  0]LogConfig: Setting CVar [[r.Streaming.MaxNumTexturesToStreamPerFrame:0]]
[2022.10.03-16.50.55:554][  0]LogConfig: Setting CVar [[r.Streaming.Boost:1]]
[2022.10.03-16.50.55:554][  0]LogConfig: Setting CVar [[r.MaxAnisotropy:8]]
[2022.10.03-16.50.55:555][  0]LogConfig: Setting CVar [[r.VT.MaxAnisotropy:8]]
[2022.10.03-16.50.55:555][  0]LogConfig: Setting CVar [[r.Streaming.LimitPoolSizeToVRAM:0]]
[2022.10.03-16.50.55:555][  0]LogConfig: Setting CVar [[r.Streaming.PoolSize:1000]]
[2022.10.03-16.50.55:555][  0]LogConfig: Setting CVar [[r.Streaming.MaxEffectiveScreenSize:0]]
[2022.10.03-16.50.55:555][  0]LogConfig: Applying CVar settings from Section [EffectsQuality@3] File [../../../Projects/Chess/Saved/Config/Windows/Scalability.ini]
[2022.10.03-16.50.55:555][  0]LogConfig: Setting CVar [[r.TranslucencyLightingVolumeDim:64]]
[2022.10.03-16.50.55:555][  0]LogConfig: Setting CVar [[r.RefractionQuality:2]]
[2022.10.03-16.50.55:555][  0]LogConfig: Setting CVar [[r.SSR.Quality:3]]
[2022.10.03-16.50.55:555][  0]LogConfig: Setting CVar [[r.SSR.HalfResSceneColor:0]]
[2022.10.03-16.50.55:555][  0]LogConfig: Setting CVar [[r.SceneColorFormat:4]]
[2022.10.03-16.50.55:555][  0]LogConfig: Setting CVar [[r.DetailMode:2]]
[2022.10.03-16.50.55:555][  0]LogConfig: Setting CVar [[r.TranslucencyVolumeBlur:1]]
[2022.10.03-16.50.55:555][  0]LogConfig: Setting CVar [[r.MaterialQualityLevel:1 ; High quality]]
[2022.10.03-16.50.55:555][  0]LogConfig: Setting CVar [[r.SSS.Scale:1]]
[2022.10.03-16.50.55:555][  0]LogConfig: Setting CVar [[r.SSS.SampleSet:2]]
[2022.10.03-16.50.55:555][  0]LogConfig: Setting CVar [[r.SSS.Quality:1]]
[2022.10.03-16.50.55:555][  0]LogConfig: Setting CVar [[r.SSS.HalfRes:1]]
[2022.10.03-16.50.55:555][  0]LogConfig: Setting CVar [[r.SSGI.Quality:3]]
[2022.10.03-16.50.55:555][  0]LogConfig: Setting CVar [[r.EmitterSpawnRateScale:1.0]]
[2022.10.03-16.50.55:555][  0]LogConfig: Setting CVar [[r.ParticleLightQuality:2]]
[2022.10.03-16.50.55:555][  0]LogConfig: Setting CVar [[r.SkyAtmosphere.AerialPerspectiveLUT.FastApplyOnOpaque:1 ; Always have FastSkyLUT 1 in this case to avoid wrong sky]]
[2022.10.03-16.50.55:555][  0]LogConfig: Setting CVar [[r.SkyAtmosphere.AerialPerspectiveLUT.SampleCountPerSlice:1]]
[2022.10.03-16.50.55:555][  0]LogConfig: Setting CVar [[r.SkyAtmosphere.AerialPerspectiveLUT.DepthResolution:16.0]]
[2022.10.03-16.50.55:555][  0]LogConfig: Setting CVar [[r.SkyAtmosphere.FastSkyLUT:1]]
[2022.10.03-16.50.55:555][  0]LogConfig: Setting CVar [[r.SkyAtmosphere.FastSkyLUT.SampleCountMin:4.0]]
[2022.10.03-16.50.55:555][  0]LogConfig: Setting CVar [[r.SkyAtmosphere.FastSkyLUT.SampleCountMax:32.0]]
[2022.10.03-16.50.55:555][  0]LogConfig: Setting CVar [[r.SkyAtmosphere.SampleCountMin:4.0]]
[2022.10.03-16.50.55:555][  0]LogConfig: Setting CVar [[r.SkyAtmosphere.SampleCountMax:32.0]]
[2022.10.03-16.50.55:555][  0]LogConfig: Setting CVar [[r.SkyAtmosphere.TransmittanceLUT.UseSmallFormat:0]]
[2022.10.03-16.50.55:555][  0]LogConfig: Setting CVar [[r.SkyAtmosphere.TransmittanceLUT.SampleCount:10.0]]
[2022.10.03-16.50.55:555][  0]LogConfig: Setting CVar [[r.SkyAtmosphere.MultiScatteringLUT.SampleCount:15.0]]
[2022.10.03-16.50.55:555][  0]LogConfig: Applying CVar settings from Section [FoliageQuality@3] File [../../../Projects/Chess/Saved/Config/Windows/Scalability.ini]
[2022.10.03-16.50.55:555][  0]LogConfig: Setting CVar [[foliage.DensityScale:1.0]]
[2022.10.03-16.50.55:555][  0]LogConfig: Setting CVar [[grass.DensityScale:1.0]]
[2022.10.03-16.50.55:555][  0]LogConfig: Applying CVar settings from Section [ShadingQuality@3] File [../../../Projects/Chess/Saved/Config/Windows/Scalability.ini]
[2022.10.03-16.50.55:555][  0]LogConfig: Setting CVar [[r.HairStrands.SkyLighting.SampleCount:16]]
[2022.10.03-16.50.55:555][  0]LogConfig: Setting CVar [[r.HairStrands.SkyLighting.JitterIntegration:0]]
[2022.10.03-16.50.55:555][  0]LogConfig: Setting CVar [[r.HairStrands.SkyAO.SampleCount:16]]
[2022.10.03-16.50.55:555][  0]LogInit: Selected Device Profile: [Windows]
[2022.10.03-16.50.55:555][  0]LogInit: Applying CVar settings loaded from the selected device profile: [Windows]
[2022.10.03-16.50.55:557][  0]LogHAL: Display: Platform has ~ 8 GB [8464355328 / 8589934592 / 8], which maps to Default [LargestMinGB=32, LargerMinGB=12, DefaultMinGB=8, SmallerMinGB=6, SmallestMinGB=0)
[2022.10.03-16.50.55:558][  0]LogInit: Going up to parent DeviceProfile []
[2022.10.03-16.50.55:558][  0]LogConfig: Applying CVar settings from Section [ViewDistanceQuality@3] File [../../../Projects/Chess/Saved/Config/Windows/Scalability.ini]
[2022.10.03-16.50.55:558][  0]LogConfig: Setting CVar [[r.SkeletalMeshLODBias:0]]
[2022.10.03-16.50.55:558][  0]LogConfig: Setting CVar [[r.ViewDistanceScale:1.0]]
[2022.10.03-16.50.55:558][  0]LogConfig: Applying CVar settings from Section [AntiAliasingQuality@3] File [../../../Projects/Chess/Saved/Config/Windows/Scalability.ini]
[2022.10.03-16.50.55:558][  0]LogConfig: Setting CVar [[r.PostProcessAAQuality:4]]
[2022.10.03-16.50.55:558][  0]LogConfig: Applying CVar settings from Section [ShadowQuality@3] File [../../../Projects/Chess/Saved/Config/Windows/Scalability.ini]
[2022.10.03-16.50.55:558][  0]LogConfig: Setting CVar [[r.LightFunctionQuality:1]]
[2022.10.03-16.50.55:558][  0]LogConfig: Setting CVar [[r.ShadowQuality:5]]
[2022.10.03-16.50.55:558][  0]LogConfig: Setting CVar [[r.Shadow.CSM.MaxCascades:10]]
[2022.10.03-16.50.55:558][  0]LogConfig: Setting CVar [[r.Shadow.MaxResolution:2048]]
[2022.10.03-16.50.55:558][  0]LogConfig: Setting CVar [[r.Shadow.MaxCSMResolution:2048]]
[2022.10.03-16.50.55:558][  0]LogConfig: Setting CVar [[r.Shadow.RadiusThreshold:0.01]]
[2022.10.03-16.50.55:558][  0]LogConfig: Setting CVar [[r.Shadow.DistanceScale:1.0]]
[2022.10.03-16.50.55:558][  0]LogConfig: Setting CVar [[r.Shadow.CSM.TransitionScale:1.0]]
[2022.10.03-16.50.55:558][  0]LogConfig: Setting CVar [[r.Shadow.PreShadowResolutionFactor:1.0]]
[2022.10.03-16.50.55:558][  0]LogConfig: Setting CVar [[r.DistanceFieldShadowing:1]]
[2022.10.03-16.50.55:558][  0]LogConfig: Setting CVar [[r.DistanceFieldAO:1]]
[2022.10.03-16.50.55:558][  0]LogConfig: Setting CVar [[r.AOQuality:2]]
[2022.10.03-16.50.55:558][  0]LogConfig: Setting CVar [[r.VolumetricFog:1]]
[2022.10.03-16.50.55:558][  0]LogConfig: Setting CVar [[r.VolumetricFog.GridPixelSize:8]]
[2022.10.03-16.50.55:558][  0]LogConfig: Setting CVar [[r.VolumetricFog.GridSizeZ:128]]
[2022.10.03-16.50.55:558][  0]LogConfig: Setting CVar [[r.VolumetricFog.HistoryMissSupersampleCount:4]]
[2022.10.03-16.50.55:558][  0]LogConfig: Setting CVar [[r.LightMaxDrawDistanceScale:1]]
[2022.10.03-16.50.55:558][  0]LogConfig: Setting CVar [[r.CapsuleShadows:1]]
[2022.10.03-16.50.55:558][  0]LogConfig: Applying CVar settings from Section [PostProcessQuality@3] File [../../../Projects/Chess/Saved/Config/Windows/Scalability.ini]
[2022.10.03-16.50.55:558][  0]LogConfig: Setting CVar [[r.MotionBlurQuality:4]]
[2022.10.03-16.50.55:558][  0]LogConfig: Setting CVar [[r.AmbientOcclusionMipLevelFactor:0.4]]
[2022.10.03-16.50.55:558][  0]LogConfig: Setting CVar [[r.AmbientOcclusionMaxQuality:100]]
[2022.10.03-16.50.55:558][  0]LogConfig: Setting CVar [[r.AmbientOcclusionLevels:-1]]
[2022.10.03-16.50.55:558][  0]LogConfig: Setting CVar [[r.AmbientOcclusionRadiusScale:1.0]]
[2022.10.03-16.50.55:558][  0]LogConfig: Setting CVar [[r.DepthOfFieldQuality:2]]
[2022.10.03-16.50.55:558][  0]LogConfig: Setting CVar [[r.RenderTargetPoolMin:400]]
[2022.10.03-16.50.55:558][  0]LogConfig: Setting CVar [[r.LensFlareQuality:2]]
[2022.10.03-16.50.55:558][  0]LogConfig: Setting CVar [[r.SceneColorFringeQuality:1]]
[2022.10.03-16.50.55:558][  0]LogConfig: Setting CVar [[r.EyeAdaptationQuality:2]]
[2022.10.03-16.50.55:558][  0]LogConfig: Setting CVar [[r.BloomQuality:5]]
[2022.10.03-16.50.55:558][  0]LogConfig: Setting CVar [[r.FastBlurThreshold:100]]
[2022.10.03-16.50.55:558][  0]LogConfig: Setting CVar [[r.Upscale.Quality:3]]
[2022.10.03-16.50.55:558][  0]LogConfig: Setting CVar [[r.Tonemapper.GrainQuantization:1]]
[2022.10.03-16.50.55:558][  0]LogConfig: Setting CVar [[r.LightShaftQuality:1]]
[2022.10.03-16.50.55:558][  0]LogConfig: Setting CVar [[r.Filter.SizeScale:1]]
[2022.10.03-16.50.55:558][  0]LogConfig: Setting CVar [[r.Tonemapper.Quality:5]]
[2022.10.03-16.50.55:558][  0]LogConfig: Setting CVar [[r.DOF.Gather.AccumulatorQuality:1        ; higher gathering accumulator quality]]
[2022.10.03-16.50.55:558][  0]LogConfig: Setting CVar [[r.DOF.Gather.PostfilterMethod:1          ; Median3x3 postfilering method]]
[2022.10.03-16.50.55:558][  0]LogConfig: Setting CVar [[r.DOF.Gather.EnableBokehSettings:0       ; no bokeh simulation when gathering]]
[2022.10.03-16.50.55:558][  0]LogConfig: Setting CVar [[r.DOF.Gather.RingCount:4                 ; medium number of samples when gathering]]
[2022.10.03-16.50.55:558][  0]LogConfig: Setting CVar [[r.DOF.Scatter.ForegroundCompositing:1    ; additive foreground scattering]]
[2022.10.03-16.50.55:558][  0]LogConfig: Setting CVar [[r.DOF.Scatter.BackgroundCompositing:2    ; additive background scattering]]
[2022.10.03-16.50.55:558][  0]LogConfig: Setting CVar [[r.DOF.Scatter.EnableBokehSettings:1      ; bokeh simulation when scattering]]
[2022.10.03-16.50.55:558][  0]LogConfig: Setting CVar [[r.DOF.Scatter.MaxSpriteRatio:0.1         ; only a maximum of 10% of scattered bokeh]]
[2022.10.03-16.50.55:558][  0]LogConfig: Setting CVar [[r.DOF.Recombine.Quality:1                ; cheap slight out of focus]]
[2022.10.03-16.50.55:558][  0]LogConfig: Setting CVar [[r.DOF.Recombine.EnableBokehSettings:0    ; no bokeh simulation on slight out of focus]]
[2022.10.03-16.50.55:558][  0]LogConfig: Setting CVar [[r.DOF.TemporalAAQuality:1                ; more stable temporal accumulation]]
[2022.10.03-16.50.55:558][  0]LogConfig: Setting CVar [[r.DOF.Kernel.MaxForegroundRadius:0.025]]
[2022.10.03-16.50.55:558][  0]LogConfig: Setting CVar [[r.DOF.Kernel.MaxBackgroundRadius:0.025]]
[2022.10.03-16.50.55:558][  0]LogConfig: Applying CVar settings from Section [TextureQuality@3] File [../../../Projects/Chess/Saved/Config/Windows/Scalability.ini]
[2022.10.03-16.50.55:558][  0]LogConfig: Setting CVar [[r.Streaming.MipBias:0]]
[2022.10.03-16.50.55:558][  0]LogConfig: Setting CVar [[r.Streaming.AmortizeCPUToGPUCopy:0]]
[2022.10.03-16.50.55:558][  0]LogConfig: Setting CVar [[r.Streaming.MaxNumTexturesToStreamPerFrame:0]]
[2022.10.03-16.50.55:558][  0]LogConfig: Setting CVar [[r.Streaming.Boost:1]]
[2022.10.03-16.50.55:558][  0]LogConfig: Setting CVar [[r.MaxAnisotropy:8]]
[2022.10.03-16.50.55:558][  0]LogConfig: Setting CVar [[r.VT.MaxAnisotropy:8]]
[2022.10.03-16.50.55:558][  0]LogConfig: Setting CVar [[r.Streaming.LimitPoolSizeToVRAM:0]]
[2022.10.03-16.50.55:558][  0]LogConfig: Setting CVar [[r.Streaming.PoolSize:1000]]
[2022.10.03-16.50.55:558][  0]LogConfig: Setting CVar [[r.Streaming.MaxEffectiveScreenSize:0]]
[2022.10.03-16.50.55:559][  0]LogConfig: Applying CVar settings from Section [EffectsQuality@3] File [../../../Projects/Chess/Saved/Config/Windows/Scalability.ini]
[2022.10.03-16.50.55:559][  0]LogConfig: Setting CVar [[r.TranslucencyLightingVolumeDim:64]]
[2022.10.03-16.50.55:559][  0]LogConfig: Setting CVar [[r.RefractionQuality:2]]
[2022.10.03-16.50.55:559][  0]LogConfig: Setting CVar [[r.SSR.Quality:3]]
[2022.10.03-16.50.55:559][  0]LogConfig: Setting CVar [[r.SSR.HalfResSceneColor:0]]
[2022.10.03-16.50.55:559][  0]LogConfig: Setting CVar [[r.SceneColorFormat:4]]
[2022.10.03-16.50.55:559][  0]LogConfig: Setting CVar [[r.DetailMode:2]]
[2022.10.03-16.50.55:559][  0]LogConfig: Setting CVar [[r.TranslucencyVolumeBlur:1]]
[2022.10.03-16.50.55:559][  0]LogConfig: Setting CVar [[r.MaterialQualityLevel:1 ; High quality]]
[2022.10.03-16.50.55:559][  0]LogConfig: Setting CVar [[r.SSS.Scale:1]]
[2022.10.03-16.50.55:559][  0]LogConfig: Setting CVar [[r.SSS.SampleSet:2]]
[2022.10.03-16.50.55:559][  0]LogConfig: Setting CVar [[r.SSS.Quality:1]]
[2022.10.03-16.50.55:559][  0]LogConfig: Setting CVar [[r.SSS.HalfRes:1]]
[2022.10.03-16.50.55:559][  0]LogConfig: Setting CVar [[r.SSGI.Quality:3]]
[2022.10.03-16.50.55:559][  0]LogConfig: Setting CVar [[r.EmitterSpawnRateScale:1.0]]
[2022.10.03-16.50.55:559][  0]LogConfig: Setting CVar [[r.ParticleLightQuality:2]]
[2022.10.03-16.50.55:559][  0]LogConfig: Setting CVar [[r.SkyAtmosphere.AerialPerspectiveLUT.FastApplyOnOpaque:1 ; Always have FastSkyLUT 1 in this case to avoid wrong sky]]
[2022.10.03-16.50.55:559][  0]LogConfig: Setting CVar [[r.SkyAtmosphere.AerialPerspectiveLUT.SampleCountPerSlice:1]]
[2022.10.03-16.50.55:559][  0]LogConfig: Setting CVar [[r.SkyAtmosphere.AerialPerspectiveLUT.DepthResolution:16.0]]
[2022.10.03-16.50.55:559][  0]LogConfig: Setting CVar [[r.SkyAtmosphere.FastSkyLUT:1]]
[2022.10.03-16.50.55:559][  0]LogConfig: Setting CVar [[r.SkyAtmosphere.FastSkyLUT.SampleCountMin:4.0]]
[2022.10.03-16.50.55:559][  0]LogConfig: Setting CVar [[r.SkyAtmosphere.FastSkyLUT.SampleCountMax:32.0]]
[2022.10.03-16.50.55:559][  0]LogConfig: Setting CVar [[r.SkyAtmosphere.SampleCountMin:4.0]]
[2022.10.03-16.50.55:559][  0]LogConfig: Setting CVar [[r.SkyAtmosphere.SampleCountMax:32.0]]
[2022.10.03-16.50.55:559][  0]LogConfig: Setting CVar [[r.SkyAtmosphere.TransmittanceLUT.UseSmallFormat:0]]
[2022.10.03-16.50.55:559][  0]LogConfig: Setting CVar [[r.SkyAtmosphere.TransmittanceLUT.SampleCount:10.0]]
[2022.10.03-16.50.55:559][  0]LogConfig: Setting CVar [[r.SkyAtmosphere.MultiScatteringLUT.SampleCount:15.0]]
[2022.10.03-16.50.55:559][  0]LogConfig: Applying CVar settings from Section [FoliageQuality@3] File [../../../Projects/Chess/Saved/Config/Windows/Scalability.ini]
[2022.10.03-16.50.55:559][  0]LogConfig: Setting CVar [[foliage.DensityScale:1.0]]
[2022.10.03-16.50.55:559][  0]LogConfig: Setting CVar [[grass.DensityScale:1.0]]
[2022.10.03-16.50.55:559][  0]LogConfig: Applying CVar settings from Section [ShadingQuality@3] File [../../../Projects/Chess/Saved/Config/Windows/Scalability.ini]
[2022.10.03-16.50.55:559][  0]LogConfig: Setting CVar [[r.HairStrands.SkyLighting.SampleCount:16]]
[2022.10.03-16.50.55:559][  0]LogConfig: Setting CVar [[r.HairStrands.SkyLighting.JitterIntegration:0]]
[2022.10.03-16.50.55:559][  0]LogConfig: Setting CVar [[r.HairStrands.SkyAO.SampleCount:16]]
[2022.10.03-16.50.55:559][  0]LogConfig: Applying CVar settings from Section [Startup] File [../../../Engine/Config/ConsoleVariables.ini]
[2022.10.03-16.50.55:559][  0]LogConfig: Setting CVar [[net.UseAdaptiveNetUpdateFrequency:0]]
[2022.10.03-16.50.55:559][  0]LogConfig: Setting CVar [[p.chaos.AllowCreatePhysxBodies:1]]
[2022.10.03-16.50.55:559][  0]LogConfig: Applying CVar settings from Section [ConsoleVariables] File [../../../Projects/Chess/Saved/Config/Windows/Engine.ini]
[2022.10.03-16.50.55:559][  0]LogInit: Computer: DESKTOP-A8J3RTE
[2022.10.03-16.50.55:559][  0]LogInit: User: Admin
[2022.10.03-16.50.55:559][  0]LogInit: CPU Page size=4096, Cores=4
[2022.10.03-16.50.55:559][  0]LogInit: High frequency timer resolution =10.000000 MHz
[2022.10.03-16.50.55:560][  0]LogMemory: Memory total: Physical=7.9GB (8GB approx)
[2022.10.03-16.50.55:560][  0]LogMemory: Platform Memory Stats for Windows
[2022.10.03-16.50.55:560][  0]LogMemory: Process Physical Memory: 107.17 MB used, 107.17 MB peak
[2022.10.03-16.50.55:560][  0]LogMemory: Process Virtual Memory: 100.81 MB used, 100.81 MB peak
[2022.10.03-16.50.55:560][  0]LogMemory: Physical Memory: 6822.35 MB used,  1249.89 MB free, 8072.24 MB total
[2022.10.03-16.50.55:560][  0]LogMemory: Virtual Memory: 5145.91 MB used,  134212584.00 MB free, 134217728.00 MB total
[2022.10.03-16.50.55:562][  0]LogWindows: WindowsPlatformFeatures enabled
[2022.10.03-16.50.55:613][  0]LogInit: Using OS detected language (en-US).
[2022.10.03-16.50.55:613][  0]LogInit: Using OS detected locale (en-US).
[2022.10.03-16.50.55:614][  0]LogTextLocalizationManager: No specific localization for 'en-US' exists, so the 'en' localization will be used.
[2022.10.03-16.50.55:880][  0]LogInit: Setting process to per monitor DPI aware
[2022.10.03-16.50.55:919][  0]LogSlate: New Slate User Created.  User Index 0, Is Virtual User: 0
[2022.10.03-16.50.55:919][  0]LogSlate: Slate User Registered.  User Index 0, Is Virtual User: 0
[2022.10.03-16.50.56:229][  0]LogHMD: Failed to initialize OpenVR with code 110
[2022.10.03-16.50.56:230][  0]LogD3D11RHI: D3D11 min allowed feature level: 11_0
[2022.10.03-16.50.56:230][  0]LogD3D11RHI: D3D11 max allowed feature level: 11_0
[2022.10.03-16.50.56:230][  0]LogD3D11RHI: D3D11 adapters:
[2022.10.03-16.50.56:320][  0]LogD3D11RHI:    0. 'NVIDIA GeForce GTX 1050' (Feature Level 11_0)
[2022.10.03-16.50.56:320][  0]LogD3D11RHI:       2996/0/4036 MB DedicatedVideo/DedicatedSystem/SharedSystem, Outputs:1, VendorId:0x10de
[2022.10.03-16.50.56:352][  0]LogD3D11RHI:    1. 'Intel(R) UHD Graphics 630' (Feature Level 11_0)
[2022.10.03-16.50.56:352][  0]LogD3D11RHI:       128/0/4036 MB DedicatedVideo/DedicatedSystem/SharedSystem, Outputs:0, VendorId:0x8086
[2022.10.03-16.50.56:355][  0]LogD3D11RHI:    2. 'Microsoft Basic Render Driver' (Feature Level 11_0)
[2022.10.03-16.50.56:355][  0]LogD3D11RHI:       0/0/4036 MB DedicatedVideo/DedicatedSystem/SharedSystem, Outputs:0, VendorId:0x1414
[2022.10.03-16.50.56:355][  0]LogD3D11RHI: Chosen D3D11 Adapter: 0
[2022.10.03-16.50.56:363][  0]LogD3D11RHI: Creating new Direct3DDevice
[2022.10.03-16.50.56:363][  0]LogD3D11RHI:     GPU DeviceId: 0x1c91 (for the marketing name, search the web for "GPU Device Id")
[2022.10.03-16.50.56:363][  0]LogWindows: EnumDisplayDevices:
[2022.10.03-16.50.56:363][  0]LogWindows:    0. 'Intel(R) UHD Graphics 630' (P:1 D:1)
[2022.10.03-16.50.56:364][  0]LogWindows:    1. 'Intel(R) UHD Graphics 630' (P:0 D:0)
[2022.10.03-16.50.56:364][  0]LogWindows:    2. 'Intel(R) UHD Graphics 630' (P:0 D:0)
[2022.10.03-16.50.56:365][  0]LogWindows:    3. 'NVIDIA GeForce GTX 1050' (P:0 D:0)
[2022.10.03-16.50.56:365][  0]LogWindows: DebugString: PrimaryIsNotTheChoosenAdapter PrimaryIsNotTheChoosenAdapter PrimaryIsNotTheChoosenAdapter 
[2022.10.03-16.50.56:365][  0]LogD3D11RHI:     Adapter Name: NVIDIA GeForce GTX 1050
[2022.10.03-16.50.56:365][  0]LogD3D11RHI:   Driver Version: 471.96 (internal:30.0.14.7196, unified:471.96)
[2022.10.03-16.50.56:366][  0]LogD3D11RHI:      Driver Date: 8-27-2021
[2022.10.03-16.50.56:366][  0]LogRHI: Texture pool is 2097 MB (70% of 2996 MB)
[2022.10.03-16.50.56:447][  0]LogD3D11RHI: RHI has support for 64 bit atomics
[2022.10.03-16.50.56:448][  0]LogD3D11RHI: Async texture creation enabled
[2022.10.03-16.50.56:474][  0]LogD3D11RHI: GPU Timing Frequency: 1000.000000 (Debug: 2 1)
[2022.10.03-16.50.57:022][  0]LogTargetPlatformManager: Display: Loaded TargetPlatform 'AllDesktop'
[2022.10.03-16.50.57:067][  0]LogTargetPlatformManager: Display: Loaded TargetPlatform 'Android'
[2022.10.03-16.50.57:067][  0]LogTargetPlatformManager: Display: Loaded TargetPlatform 'Android_ASTC'
[2022.10.03-16.50.57:067][  0]LogTargetPlatformManager: Display: Loaded TargetPlatform 'Android_ATC'
[2022.10.03-16.50.57:067][  0]LogTargetPlatformManager: Display: Loaded TargetPlatform 'Android_DXT'
[2022.10.03-16.50.57:067][  0]LogTargetPlatformManager: Display: Loaded TargetPlatform 'Android_ETC1'
[2022.10.03-16.50.57:067][  0]LogTargetPlatformManager: Display: Loaded TargetPlatform 'Android_ETC1a'
[2022.10.03-16.50.57:067][  0]LogTargetPlatformManager: Display: Loaded TargetPlatform 'Android_ETC2'
[2022.10.03-16.50.57:067][  0]LogTargetPlatformManager: Display: Loaded TargetPlatform 'Android_PVRTC'
[2022.10.03-16.50.57:067][  0]LogTargetPlatformManager: Display: Loaded TargetPlatform 'AndroidClient'
[2022.10.03-16.50.57:067][  0]LogTargetPlatformManager: Display: Loaded TargetPlatform 'Android_ASTCClient'
[2022.10.03-16.50.57:067][  0]LogTargetPlatformManager: Display: Loaded TargetPlatform 'Android_ATCClient'
[2022.10.03-16.50.57:067][  0]LogTargetPlatformManager: Display: Loaded TargetPlatform 'Android_DXTClient'
[2022.10.03-16.50.57:067][  0]LogTargetPlatformManager: Display: Loaded TargetPlatform 'Android_ETC1Client'
[2022.10.03-16.50.57:067][  0]LogTargetPlatformManager: Display: Loaded TargetPlatform 'Android_ETC1aClient'
[2022.10.03-16.50.57:067][  0]LogTargetPlatformManager: Display: Loaded TargetPlatform 'Android_ETC2Client'
[2022.10.03-16.50.57:067][  0]LogTargetPlatformManager: Display: Loaded TargetPlatform 'Android_PVRTCClient'
[2022.10.03-16.50.57:067][  0]LogTargetPlatformManager: Display: Loaded TargetPlatform 'Android_Multi'
[2022.10.03-16.50.57:067][  0]LogTargetPlatformManager: Display: Loaded TargetPlatform 'Android_MultiClient'
[2022.10.03-16.50.57:098][  0]LogTargetPlatformManager: Display: Loaded TargetPlatform 'IOSClient'
[2022.10.03-16.50.57:098][  0]LogTargetPlatformManager: Display: Loaded TargetPlatform 'IOS'
[2022.10.03-16.50.57:106][  0]LogTargetPlatformManager: Display: Loaded TargetPlatform 'LinuxNoEditor'
[2022.10.03-16.50.57:115][  0]LogTargetPlatformManager: Display: Loaded TargetPlatform 'LinuxClient'
[2022.10.03-16.50.57:122][  0]LogTargetPlatformManager: Display: Loaded TargetPlatform 'LinuxServer'
[2022.10.03-16.50.57:131][  0]LogTargetPlatformManager: Display: Loaded TargetPlatform 'LinuxAArch64NoEditor'
[2022.10.03-16.50.57:143][  0]LogTargetPlatformManager: Display: Loaded TargetPlatform 'LinuxAArch64Client'
[2022.10.03-16.50.57:150][  0]LogTargetPlatformManager: Display: Loaded TargetPlatform 'LinuxAArch64Server'
[2022.10.03-16.50.57:184][  0]LogTargetPlatformManager: Display: Loaded TargetPlatform 'Lumin'
[2022.10.03-16.50.57:184][  0]LogTargetPlatformManager: Display: Loaded TargetPlatform 'LuminClient'
[2022.10.03-16.50.57:200][  0]LogTargetPlatformManager: Display: Loaded TargetPlatform 'TVOSClient'
[2022.10.03-16.50.57:200][  0]LogTargetPlatformManager: Display: Loaded TargetPlatform 'TVOS'
[2022.10.03-16.50.57:208][  0]LogTargetPlatformManager: Display: Loaded TargetPlatform 'WindowsNoEditor'
[2022.10.03-16.50.57:215][  0]LogTargetPlatformManager: Display: Loaded TargetPlatform 'Windows'
[2022.10.03-16.50.57:222][  0]LogTargetPlatformManager: Display: Loaded TargetPlatform 'WindowsClient'
[2022.10.03-16.50.57:229][  0]LogTargetPlatformManager: Display: Loaded TargetPlatform 'WindowsServer'
[2022.10.03-16.50.57:229][  0]LogTargetPlatformManager: Display: Building Assets For Windows
[2022.10.03-16.50.57:232][  0]LogAudioDebug: Display: Lib vorbis DLL was dynamically loaded.
[2022.10.03-16.50.57:252][  0]LogShaderCompilers: Guid format shader working directory is 22 characters bigger than the processId version (../../../Projects/Chess/Intermediate/Shaders/WorkingDirectory/13992/).
[2022.10.03-16.50.57:253][  0]LogShaderCompilers: Cleaned the shader compiler working directory 'C:/Users/Admin/AppData/Local/Temp/UnrealShaderWorkingDir/3EA8441A4271C5DBFB7819A8F2354CBE/'.
[2022.10.03-16.50.57:254][  0]LogShaderCompilers: Display: Using XGE Shader Compiler (Interception Interface).
[2022.10.03-16.50.58:169][  0]LogDerivedDataCache: Display: Max Cache Size: 512 MB
[2022.10.03-16.50.58:243][  0]LogDerivedDataCache: Loaded boot cache 0.07s 78MB C:/Users/Admin/AppData/Local/UnrealEngine/4.24/DerivedDataCache/Boot.ddc.
[2022.10.03-16.50.58:244][  0]LogDerivedDataCache: Display: Loaded Boot cache: C:/Users/Admin/AppData/Local/UnrealEngine/4.24/DerivedDataCache/Boot.ddc
[2022.10.03-16.50.58:244][  0]LogDerivedDataCache: FDerivedDataBackendGraph:  Pak pak cache file ../../../Projects/Chess/DerivedDataCache/DDC.ddp not found, will not use a pak cache.
[2022.10.03-16.50.58:244][  0]LogDerivedDataCache: Unable to find inner node Pak for hierarchical cache Hierarchy.
[2022.10.03-16.50.58:244][  0]LogDerivedDataCache: FDerivedDataBackendGraph:  CompressedPak pak cache file ../../../Projects/Chess/DerivedDataCache/Compressed.ddp not found, will not use a pak cache.
[2022.10.03-16.50.58:244][  0]LogDerivedDataCache: Unable to find inner node CompressedPak for hierarchical cache Hierarchy.
[2022.10.03-16.50.58:258][  0]LogDerivedDataCache: Display: Pak cache opened for reading ../../../Engine/DerivedDataCache/Compressed.ddp.
[2022.10.03-16.50.58:259][  0]LogDerivedDataCache: FDerivedDataBackendGraph:  EnterprisePak pak cache file ../../../Enterprise/DerivedDataCache/Compressed.ddp not found, will not use a pak cache.
[2022.10.03-16.50.58:259][  0]LogDerivedDataCache: Unable to find inner node EnterprisePak for hierarchical cache Hierarchy.
[2022.10.03-16.50.58:260][  0]LogDerivedDataCache: Using Local data cache path C:/Users/Admin/AppData/Local/UnrealEngine/Common/DerivedDataCache: Writable
[2022.10.03-16.50.58:260][  0]LogDerivedDataCache: Shared data cache path not found in *engine.ini, will not use an Shared cache.
[2022.10.03-16.50.58:260][  0]LogDerivedDataCache: Unable to find inner node Shared for hierarchical cache Hierarchy.
[2022.10.03-16.50.58:306][  0]LogMaterial: Verifying Global Shaders for PCD3D_SM5
[2022.10.03-16.50.58:310][  0]LogSlate: Using FreeType 2.10.0
[2022.10.03-16.50.58:311][  0]LogSlate: SlateFontServices - WITH_FREETYPE: 1, WITH_HARFBUZZ: 1
[2022.10.03-16.50.58:392][  0]LogAssetRegistry: FAssetRegistry took 0.0038 seconds to start up
[2022.10.03-16.50.58:920][  0]LogInit: Selected Device Profile: [Windows]
[2022.10.03-16.50.59:194][  0]LogMeshReduction: Using QuadricMeshReduction for automatic static mesh reduction
[2022.10.03-16.50.59:194][  0]LogMeshReduction: Using SimplygonMeshReduction for automatic skeletal mesh reduction
[2022.10.03-16.50.59:194][  0]LogMeshReduction: Using ProxyLODMeshReduction for automatic mesh merging
[2022.10.03-16.50.59:194][  0]LogMeshReduction: No distributed automatic mesh merging module available
[2022.10.03-16.50.59:194][  0]LogMeshMerging: No distributed automatic mesh merging module available
[2022.10.03-16.50.59:212][  0]LogNetVersion: Chess 1.0.0, NetCL: 10570792, EngineNetVer: 13, GameNetVer: 0 (Checksum: 956810394)
[2022.10.03-16.51.00:571][  0]LogPackageLocalizationCache: Processed 10 localized package path(s) for 1 prioritized culture(s) in 0.105015 seconds
[2022.10.03-16.51.00:579][  0]LogUObjectArray: 46750 objects as part of root set at end of initial load.
[2022.10.03-16.51.00:579][  0]LogUObjectAllocator: 8137160 out of 0 bytes used by permanent object pool.
[2022.10.03-16.51.00:579][  0]LogUObjectArray: CloseDisregardForGC: 0/0 objects in disregard for GC pool
[2022.10.03-16.51.01:035][  0]LogTcpMessaging: Initializing TcpMessaging bridge
[2022.10.03-16.51.01:039][  0]LogUdpMessaging: Initializing bridge on interface 0.0.0.0:0 to multicast group 230.0.0.1:6666.
[2022.10.03-16.51.01:109][  0]SourceControl: Source control is disabled
[2022.10.03-16.51.01:109][  0]SourceControl: Source control is disabled
[2022.10.03-16.51.01:110][  0]SourceControl: Source control is disabled
[2022.10.03-16.51.01:111][  0]SourceControl: Source control is disabled
[2022.10.03-16.51.01:112][  0]SourceControl: Source control is disabled
[2022.10.03-16.51.01:222][  0]LogAndroidPermission: UAndroidPermissionCallbackProxy::GetInstance
[2022.10.03-16.51.01:237][  0]LogAudioCaptureCore: Display: No Audio Capture implementations found. Audio input will be silent.
[2022.10.03-16.51.01:237][  0]LogAudioCaptureCore: Display: No Audio Capture implementations found. Audio input will be silent.
[2022.10.03-16.51.01:338][  0]LogOcInput: OculusInput pre-init called
[2022.10.03-16.51.01:347][  0]LogWindows: Failed to load 'OVRPlugin.dll' (GetLastError=126)
[2022.10.03-16.51.01:347][  0]LogWindows: File 'OVRPlugin.dll' does not exist
[2022.10.03-16.51.01:421][  0]LogEngine: Initializing Engine...
[2022.10.03-16.51.01:421][  0]LogHMD: Failed to initialize OpenVR with code 110
[2022.10.03-16.51.01:422][  0]LogStats: UGameplayTagsManager::InitializeManager -  0.000 s
[2022.10.03-16.51.01:825][  0]LogInit: Initializing FReadOnlyCVARCache
[2022.10.03-16.51.01:836][  0]LogAIModule: Creating AISystem for world Untitled
[2022.10.03-16.51.01:855][  0]LogAudioMixer: Display: Audio Mixer Platform Settings:
[2022.10.03-16.51.01:855][  0]LogAudioMixer: Display: 	Sample Rate:						  48000
[2022.10.03-16.51.01:855][  0]LogAudioMixer: Display: 	Callback Buffer Frame Size Requested: 1024
[2022.10.03-16.51.01:855][  0]LogAudioMixer: Display: 	Callback Buffer Frame Size To Use:	  1024
[2022.10.03-16.51.01:855][  0]LogAudioMixer: Display: 	Number of buffers to queue:			  2
[2022.10.03-16.51.01:855][  0]LogAudioMixer: Display: 	Max Channels (voices):				  32
[2022.10.03-16.51.01:855][  0]LogAudioMixer: Display: 	Number of Async Source Workers:		  0
[2022.10.03-16.51.01:855][  0]LogAudio: Display: AudioDevice MaxSources: 32
[2022.10.03-16.51.01:856][  0]LogAudio: Display: Using built-in audio occlusion.
[2022.10.03-16.51.01:856][  0]LogAudioMixer: Display: Initializing audio mixer.
[2022.10.03-16.51.01:880][  0]LogAudioMixer: Display: Audio Device Output Speaker Info:
[2022.10.03-16.51.01:880][  0]LogAudioMixer: Display: Name: Динамики (Realtek(R) Audio)
[2022.10.03-16.51.01:880][  0]LogAudioMixer: Display: Is Default: Yes
[2022.10.03-16.51.01:880][  0]LogAudioMixer: Display: Sample Rate: 48000
[2022.10.03-16.51.01:880][  0]LogAudioMixer: Display: Channel Count Used: 2
[2022.10.03-16.51.01:880][  0]LogAudioMixer: Display: Device Channel Count: 2
[2022.10.03-16.51.01:880][  0]LogAudioMixer: Display: Channel Order:
[2022.10.03-16.51.01:880][  0]LogAudioMixer: Display: 0: FrontLeft
[2022.10.03-16.51.01:880][  0]LogAudioMixer: Display: 1: FrontRight
[2022.10.03-16.51.02:172][  0]LogAudioMixer: Display: Using Audio Device Динамики (Realtek(R) Audio)
[2022.10.03-16.51.02:177][  0]LogInit: FAudioDevice initialized.
[2022.10.03-16.51.02:178][  0]LogNetVersion: Set ProjectVersion to 1.0.0.0. Version Checksum will be recalculated on next use.
[2022.10.03-16.51.02:239][  0]LogDerivedDataCache: Saved boot cache 0.06s 78MB C:/Users/Admin/AppData/Local/UnrealEngine/4.24/DerivedDataCache/Boot.ddc.
[2022.10.03-16.51.02:239][  0]LogInit: Texture streaming: Enabled
[2022.10.03-16.51.02:252][  0]LogEngineSessionManager: EngineSessionManager initialized
[2022.10.03-16.51.02:252][  0]LogEditorSessionSummary: Verbose: Initializing EditorSessionSummaryWriter for editor session tracking
[2022.10.03-16.51.02:255][  0]LogEditorSessionSummary: EditorSessionSummaryWriter initialized
[2022.10.03-16.51.02:308][  0]LogInit: Transaction tracking system initialized
[2022.10.03-16.51.02:319][  0]BlueprintLog: New page: Editor Load
[2022.10.03-16.51.02:353][  0]LocalizationService: Localization service is disabled
[2022.10.03-16.51.02:883][  0]LogCook: Display: Max memory allowance for cook 16384mb min free memory 0mb
[2022.10.03-16.51.02:883][  0]LogCook: Display: Mobile HDR setting 1
[2022.10.03-16.51.02:967][  0]LogFileCache: Scanning file cache for directory 'E:/UE_4.24/Projects/Chess/Content/' took 0.02s
[2022.10.03-16.51.03:621][  0]SourceControl: Source control is disabled
[2022.10.03-16.51.03:621][  0]Cmd: MAP LOAD FILE="../../../Projects/Chess/Content/Chess/Maps/TestMap1.umap" TEMPLATE=0 SHOWPROGRESS=1 FEATURELEVEL=3
[2022.10.03-16.51.03:622][  0]LightingResults: New page: Lighting Build
[2022.10.03-16.51.03:623][  0]LogWorld: UWorld::CleanupWorld for Untitled, bSessionEnded=true, bCleanupResources=true
[2022.10.03-16.51.03:623][  0]LogSlate: InvalidateAllWidgets triggered.  All widgets were invalidated
[2022.10.03-16.51.03:623][  0]MapCheck: New page: Map Check
[2022.10.03-16.51.03:623][  0]LightingResults: New page: Lighting Build
[2022.10.03-16.51.03:653][  0]LogUObjectHash: Compacting FUObjectHashTables data took   3.04ms
[2022.10.03-16.51.06:940][  0]LogAIModule: Creating AISystem for world TestMap1
[2022.10.03-16.51.07:067][  0]LogEditorServer: Finished looking for orphan Actors (0.000 secs)
[2022.10.03-16.51.07:104][  0]LogUObjectHash: Compacting FUObjectHashTables data took   3.51ms
[2022.10.03-16.51.07:106][  0]Cmd: MAP CHECKDEP NOCLEARLOG
[2022.10.03-16.51.07:106][  0]MapCheck: Map check complete: 0 Error(s), 0 Warning(s), took 0.144ms to complete.
[2022.10.03-16.51.07:106][  0]LogFileHelpers: Loading map 'TestMap1' took 3.485
[2022.10.03-16.51.08:117][  0]LogSlate: Updating window title bar state: overlay mode, drag disabled, window buttons hidden, title bar hidden
[2022.10.03-16.51.08:127][  0]LogSlate: Updating window title bar state: overlay mode, drag disabled, window buttons hidden, title bar hidden
[2022.10.03-16.51.08:137][  0]LogSlate: Updating window title bar state: overlay mode, drag disabled, window buttons hidden, title bar hidden
[2022.10.03-16.51.08:148][  0]LogSlate: Updating window title bar state: overlay mode, drag disabled, window buttons hidden, title bar hidden
[2022.10.03-16.51.08:195][  0]LogCollectionManager: Loaded 0 collections in 0.001473 seconds
[2022.10.03-16.51.08:399][  0]LogFileCache: Scanning file cache for directory 'E:/UE_4.24/Projects/Chess/Saved/Collections/' took 0.00s
[2022.10.03-16.51.08:399][  0]LogFileCache: Scanning file cache for directory 'E:/UE_4.24/Projects/Chess/Content/Developers/Admin/Collections/' took 0.00s
[2022.10.03-16.51.08:399][  0]LogFileCache: Scanning file cache for directory 'E:/UE_4.24/Projects/Chess/Content/Collections/' took 0.00s
[2022.10.03-16.51.08:399][  0]LogContentBrowser: Native class hierarchy populated in 0.0092 seconds. Added 3015 classes and 717 folders.
[2022.10.03-16.51.08:518][  0]LogContentBrowser: Native class hierarchy updated for 'WidgetCarousel' in 0.0002 seconds. Added 0 classes and 0 folders.
[2022.10.03-16.51.11:363][  0]LogContentBrowser: Native class hierarchy updated for 'AddContentDialog' in 0.0003 seconds. Added 0 classes and 0 folders.
[2022.10.03-16.51.11:456][  0]LogContentBrowser: Native class hierarchy updated for 'SceneOutliner' in 0.0003 seconds. Added 2 classes and 3 folders.
[2022.10.03-16.51.11:987][  0]LogSlate: Took 0.000220 seconds to synchronously load lazily loaded font '../../../Engine/Content/Slate/Fonts/Roboto-Regular.ttf' (155K)
[2022.10.03-16.51.11:989][  0]LogSlate: Took 0.000125 seconds to synchronously load lazily loaded font '../../../Engine/Content/Slate/Fonts/Roboto-Bold.ttf' (160K)
[2022.10.03-16.51.12:018][  0]LogSlate: Took 0.022435 seconds to synchronously load lazily loaded font '../../../Engine/Content/Editor/Slate/Fonts/FontAwesome.ttf' (139K)
[2022.10.03-16.51.12:227][  0]LogRenderer: Reallocating scene render targets to support 892x416 Format 10 NumSamples 1 (Frame:1).
[2022.10.03-16.51.12:587][  0]LogContentBrowser: Native class hierarchy updated for 'HierarchicalLODOutliner' in 0.0004 seconds. Added 0 classes and 0 folders.
[2022.10.03-16.51.12:588][  0]LogLoad: (Engine Initialization) Total time: 18.34 seconds
[2022.10.03-16.51.12:588][  0]LogLoad: (Engine Initialization) Total Blueprint compile time: 0.00 seconds
[2022.10.03-16.51.12:984][  0]LogContentStreaming: Texture pool size now 1000 MB
[2022.10.03-16.51.13:221][  0]LogSlate: Took 0.016557 seconds to synchronously load lazily loaded font '../../../Engine/Content/Slate/Fonts/Roboto-Light.ttf' (167K)
[2022.10.03-16.51.13:986][  7]LogAssetRegistry: Asset discovery search completed in 15.5959 seconds
[2022.10.03-16.51.13:994][  7]LogCollectionManager: Fixed up redirectors for 0 collections in 0.000014 seconds (updated 0 objects)
[2022.10.03-16.51.18:931][262]LogUObjectHash: Compacting FUObjectHashTables data took   1.11ms
[2022.10.03-16.51.19:003][262]LogSlate: Window 'Chess - Unreal Editor' being destroyed
[2022.10.03-16.51.19:201][263]Cmd: QUIT_EDITOR
[2022.10.03-16.51.19:201][263]LogCore: Engine exit requested (reason: UUnrealEdEngine::CloseEditor())
[2022.10.03-16.51.19:215][263]LogCore: Engine exit requested (reason: EngineExit() was called; note: exit was already requested)
[2022.10.03-16.51.19:232][263]LogAudioMixer: Display: No commands were queued while flushing the source manager.
[2022.10.03-16.51.33:804][263]LogWindows: Error: === Critical error: ===
[2022.10.03-16.51.33:804][263]LogWindows: Error: 
[2022.10.03-16.51.33:804][263]LogWindows: Error: Fatal error!
[2022.10.03-16.51.33:804][263]LogWindows: Error: 
[2022.10.03-16.51.33:804][263]LogWindows: Error: Unhandled Exception: EXCEPTION_ACCESS_VIOLATION reading address 0x00000000
[2022.10.03-16.51.33:804][263]LogWindows: Error: 
[2022.10.03-16.51.33:804][263]LogWindows: Error: [Callstack] 0x00007ffc3856f916 msctf.dll!UnknownFunction []
[2022.10.03-16.51.33:804][263]LogWindows: Error: [Callstack] 0x00007ffc385772c7 msctf.dll!UnknownFunction []
[2022.10.03-16.51.33:804][263]LogWindows: Error: [Callstack] 0x00007ffc38576496 msctf.dll!UnknownFunction []
[2022.10.03-16.51.33:804][263]LogWindows: Error: [Callstack] 0x00007ffc38576d06 msctf.dll!UnknownFunction []
[2022.10.03-16.51.33:804][263]LogWindows: Error: [Callstack] 0x00007ffc38562270 msctf.dll!UnknownFunction []
[2022.10.03-16.51.33:804][263]LogWindows: Error: [Callstack] 0x00007ffc38562165 msctf.dll!UnknownFunction []
[2022.10.03-16.51.33:804][263]LogWindows: Error: [Callstack] 0x00007ffc3856200f msctf.dll!UnknownFunction []
[2022.10.03-16.51.33:805][263]LogWindows: Error: [Callstack] 0x00007ffc38223de2 IMM32.dll!UnknownFunction []
[2022.10.03-16.51.33:805][263]LogWindows: Error: [Callstack] 0x00007ffc382281ba IMM32.dll!UnknownFunction []
[2022.10.03-16.51.33:805][263]LogWindows: Error: [Callstack] 0x00007ffc38566f0c msctf.dll!UnknownFunction []
[2022.10.03-16.51.33:805][263]LogWindows: Error: [Callstack] 0x00007ffc38564e0e msctf.dll!UnknownFunction []
[2022.10.03-16.51.33:805][263]LogWindows: Error: [Callstack] 0x00007ffc385a5122 msctf.dll!UnknownFunction []
[2022.10.03-16.51.33:805][263]LogWindows: Error: [Callstack] 0x00007ffc3822a68f IMM32.dll!UnknownFunction []
[2022.10.03-16.51.33:805][263]LogWindows: Error: [Callstack] 0x00007ffc3822ac0e IMM32.dll!UnknownFunction []
[2022.10.03-16.51.33:805][263]LogWindows: Error: [Callstack] 0x00007ffc13c74117 UE4Editor-ApplicationCore.dll!UnknownFunction []
[2022.10.03-16.51.33:805][263]LogWindows: Error: [Callstack] 0x00007ffc13c4a1f0 UE4Editor-ApplicationCore.dll!UnknownFunction []
[2022.10.03-16.51.33:805][263]LogWindows: Error: [Callstack] 0x00007ffc13c4c7e3 UE4Editor-ApplicationCore.dll!UnknownFunction []
[2022.10.03-16.51.33:805][263]LogWindows: Error: [Callstack] 0x00007ffbbfa517f7 UE4Editor-Slate.dll!UnknownFunction []
[2022.10.03-16.51.33:805][263]LogWindows: Error: [Callstack] 0x00007ff63e3cb6db UE4Editor.exe!UnknownFunction []
[2022.10.03-16.51.33:805][263]LogWindows: Error: [Callstack] 0x00007ff63e3cc46f UE4Editor.exe!UnknownFunction []
[2022.10.03-16.51.33:805][263]LogWindows: Error: [Callstack] 0x00007ff63e3cc4ca UE4Editor.exe!UnknownFunction []
[2022.10.03-16.51.33:805][263]LogWindows: Error: [Callstack] 0x00007ff63e3dceae UE4Editor.exe!UnknownFunction []
[2022.10.03-16.51.33:805][263]LogWindows: Error: [Callstack] 0x00007ff63e3dfcbe UE4Editor.exe!UnknownFunction []
[2022.10.03-16.51.33:805][263]LogWindows: Error: [Callstack] 0x00007ffc380454e0 KERNEL32.DLL!UnknownFunction []
[2022.10.03-16.51.33:805][263]LogWindows: Error: [Callstack] 0x00007ffc38cc485b ntdll.dll!UnknownFunction []
[2022.10.03-16.51.33:805][263]LogWindows: Error: 
[2022.10.03-16.51.33:902][263]LogExit: Executing StaticShutdownAfterError
[2022.10.03-16.51.33:929][263]LogWindows: FPlatformMisc::RequestExit(1)
[2022.10.03-16.51.33:929][263]LogCore: Engine exit requested (reason: Win RequestExit; note: exit was already requested)
[2022.10.03-16.51.33:957][263]Log file closed, 10/03/22 19:51:33
